<?xml version="1.0" encoding="UTF-8" ?>
<testsuite tests="31" failures="0" name="BC03.P2.AppTest" time="0.011" errors="0" skipped="0">
  <properties>
[...]
</properties>
  <testcase classname="BC03.P2.AppTest" name="pairWiseTest1" time="0.007"/>
  <testcase classname="BC03.P2.AppTest" name="pairWiseTest2" time="0"/>
  <testcase classname="BC03.P2.AppTest" name="pairWiseTest3" time="0"/>
  <testcase classname="BC03.P2.AppTest" name="pairWiseTest4" time="0"/>
  <testcase classname="BC03.P2.AppTest" name="pairWiseTest5" time="0"/>
  <testcase classname="BC03.P2.AppTest" name="pairWiseTest6" time="0"/>
  <testcase classname="BC03.P2.AppTest" name="eachUseTest1" time="0"/>
  <testcase classname="BC03.P2.AppTest" name="eachUseTest2" time="0"/>
  <testcase classname="BC03.P2.AppTest" name="eachUseTest3" time="0"/>
  <testcase classname="BC03.P2.AppTest" name="eachUseTest4" time="0"/>
  <testcase classname="BC03.P2.AppTest" name="eachUseTest5" time="0.001"/>
  <testcase classname="BC03.P2.AppTest" name="eachUseTest6" time="0"/>
  <testcase classname="BC03.P2.AppTest" name="mc_dcTest1" time="0"/>
  <testcase classname="BC03.P2.AppTest" name="mc_dcTest2" time="0"/>
  <testcase classname="BC03.P2.AppTest" name="mc_dcTest3" time="0"/>
  <testcase classname="BC03.P2.AppTest" name="mc_dcTest4" time="0.001"/>
  <testcase classname="BC03.P2.AppTest" name="mc_dcTest5" time="0"/>
  <testcase classname="BC03.P2.AppTest" name="mc_dcTest6" time="0"/>
  <testcase classname="BC03.P2.AppTest" name="mc_dcTest7" time="0"/>
  <testcase classname="BC03.P2.AppTest" name="mc_dcTest8" time="0"/>
  <testcase classname="BC03.P2.AppTest" name="mc_dcTest9" time="0.001"/>
  <testcase classname="BC03.P2.AppTest" name="decisionCoverageTest10" time="0"/>
  <testcase classname="BC03.P2.AppTest" name="decisionCoverageTest1" time="0"/>
  <testcase classname="BC03.P2.AppTest" name="decisionCoverageTest2" time="0"/>
  <testcase classname="BC03.P2.AppTest" name="decisionCoverageTest3" time="0"/>
  <testcase classname="BC03.P2.AppTest" name="decisionCoverageTest4" time="0"/>
  <testcase classname="BC03.P2.AppTest" name="decisionCoverageTest5" time="0"/>
  <testcase classname="BC03.P2.AppTest" name="decisionCoverageTest6" time="0"/>
  <testcase classname="BC03.P2.AppTest" name="decisionCoverageTest7" time="0"/>
  <testcase classname="BC03.P2.AppTest" name="decisionCoverageTest8" time="0"/>
  <testcase classname="BC03.P2.AppTest" name="decisionCoverageTest9" time="0.001"/>
</testsuite>